2021/12/22 11:17:14 crackcat session 'crackcat' started.
2021/12/22 11:17:14 Started benchmarking at start time: 1640200634
2021/12/22 11:17:34 crackcat session 'crackcat' started.
2021/12/22 11:17:34 Started benchmarking at start time: 1640200654
2021/12/22 11:17:40 Finised benchmarking. Hash rate: 4 MH/s
2021/12/22 11:18:57 crackcat session 'crackcat' started.
2021/12/22 11:18:57 Started benchmarking at start time: 1640200737
2021/12/22 11:19:03 Finised benchmarking. Hash rate: 4 MH/s
2021/12/22 11:24:13 crackcat session 'crackcat' started.
2021/12/22 11:24:13 Started benchmarking at start time: 1640201053369
2021/12/22 11:25:03 crackcat session 'crackcat' started.
2021/12/22 11:25:03 Started benchmarking at start time: 1640201103993
2021/12/22 11:25:10 Finised benchmarking at 1640201110000. It took 6 seconds. Hash rate: 5 MH/s
2021/12/22 11:25:20 crackcat session 'crackcat' started.
2021/12/22 11:25:20 Started benchmarking at start time: 1640201120456
2021/12/22 11:25:26 Finised benchmarking at 1640201126000. It took 5 seconds. Hash rate: 5 MH/s
2021/12/22 11:26:37 crackcat session 'crackcat' started.
2021/12/22 11:26:37 Started benchmarking at start time: 1640201197913
2021/12/22 11:26:43 Finised benchmarking at 1640201203000. It took 5 seconds. Hash rate: 4 MH/s
2021/12/22 11:29:22 crackcat session 'crackcat' started.
2021/12/22 11:29:22 Started benchmarking at start time: 1640201362637
2021/12/22 11:29:28 Finised benchmarking at 1640201368000. It took 5 seconds. Hash rate: 4 MH/s
2021/12/22 11:48:21 crackcat session 'crackcat' started.
2021/12/22 11:48:21 Started cracking 3 passwords at start time: 1640202501831
2021/12/22 11:48:22 Finished cracking 0% of 3 passwords and found 0 at end time: 1640202502131. It took 300 milliseconds
2021/12/22 11:50:16 crackcat session 'crackcat' started.
2021/12/22 11:50:16 Started cracking 3 passwords at start time: 1640202616603
2021/12/22 11:50:16 Finished cracking 0% of 3 passwords and found 0 at end time: 1640202616724. It took 121 milliseconds
2021/12/22 11:50:38 crackcat session 'crackcat' started.
2021/12/22 11:50:38 Started benchmarking at start time: 1640202638534
2021/12/22 11:50:44 Finised benchmarking at 1640202644000. It took 5 seconds. Hash rate: 3 MH/s
2021/12/22 11:50:48 crackcat session 'crackcat' started.
2021/12/22 11:50:48 Started benchmarking at start time: 1640202648467
2021/12/22 11:50:54 Finised benchmarking at 1640202654001. It took 5 seconds. Hash rate: 3 MH/s
2021/12/22 12:14:33 crackcat session 'crackcat' started.
2021/12/22 12:14:33 Started benchmarking at start time: 1640204073564
2021/12/22 12:14:39 Finised benchmarking at 1640204079000. It took 5 seconds. Hash rate: 3 MH/s
2021/12/22 12:21:32 crackcat session 'crackcat' started.
2021/12/22 12:21:32 Started benchmarking at start time: 1640204492843
2021/12/22 12:21:38 Finised benchmarking at 1640204498000. It took 5 seconds. Hash rate: 3 MH/s
2021/12/22 12:21:46 crackcat session 'crackcat' started.
2021/12/22 12:21:46 Started cracking 3 passwords at start time: 1640204506615
2021/12/22 12:21:46 Finished cracking 66% of 3 passwords and found 2 at end time: 1640204506743. It took 128 milliseconds
2021/12/22 12:42:37 crackcat session 'crackcat' started.
2021/12/22 12:42:37 Started cracking 1282 passwords at start time: 1640205757654
2021/12/22 12:50:13 crackcat session 'crackcat' started.
2021/12/22 12:50:13 Started cracking 1282 passwords at start time: 1640206213866
2021/12/22 12:52:50 crackcat session 'crackcat' started.
2021/12/22 12:52:50 Started cracking 1282 passwords at start time: 1640206370196
2021/12/22 12:52:50 Finished cracking 95% of 1282 passwords and found 1220 at end time: 1640206370640. It took 444 milliseconds
2021/12/22 12:59:52 crackcat session 'crackcat' started.
2021/12/22 12:59:52 Started cracking 1282 passwords at start time: 1640206792781
2021/12/22 12:59:52 Finished cracking 100% of 1282 passwords and found 1282 at end time: 1640206792951. It took 170 milliseconds
2021/12/22 13:00:07 crackcat session 'crackcat' started.
2021/12/22 13:00:08 Started cracking 1282 passwords at start time: 1640206808084
2021/12/22 13:00:08 Finished cracking 100% of 1282 passwords and found 1282 at end time: 1640206808208. It took 124 milliseconds
2021/12/22 13:00:57 crackcat session 'crackcat' started.
2021/12/22 13:00:57 Started cracking 1282 passwords at start time: 1640206857402
2021/12/22 13:00:57 Finished cracking 97% of 1282 passwords and found 1254 at end time: 1640206857903. It took 501 milliseconds
2021/12/22 13:01:41 crackcat session 'crackcat' started.
2021/12/22 13:01:42 Started cracking 1282 passwords at start time: 1640206902016
2021/12/22 13:01:49 crackcat session 'crackcat' started.
2021/12/22 13:01:50 Started cracking 1282 passwords at start time: 1640206910173
2021/12/22 13:01:50 Finished cracking 100% of 1282 passwords and found 1282 at end time: 1640206910346. It took 173 milliseconds
2021/12/22 13:13:20 crackcat session 'crackcat' started.
2021/12/22 13:13:20 Started cracking 1282 passwords at start time: 1640207600930
2021/12/22 13:13:21 Finished cracking 0% of 1282 passwords and found 0 at end time: 1640207601961. It took 1 second
2021/12/22 13:13:40 crackcat session 'crackcat' started.
2021/12/22 13:13:40 Started cracking 1282 passwords at start time: 1640207620655
2021/12/22 13:13:41 Finished cracking 0% of 1282 passwords and found 0 at end time: 1640207621761. It took 1 second
2021/12/22 13:14:35 crackcat session 'crackcat' started.
2021/12/22 13:14:35 Started cracking 1282 passwords at start time: 1640207675875
2021/12/22 13:15:08 crackcat session 'crackcat' started.
2021/12/22 13:15:08 Started cracking 1282 passwords at start time: 1640207708884
2021/12/22 13:15:10 Finished cracking 0% of 1282 passwords and found 0 at end time: 1640207710021. It took 1 second
2021/12/22 13:15:28 crackcat session 'crackcat' started.
2021/12/22 13:15:29 Started cracking 1282 passwords at start time: 1640207729080
2021/12/22 13:15:30 Finished cracking 0% of 1282 passwords and found 0 at end time: 1640207730061. It took 981 milliseconds
2021/12/22 13:15:40 crackcat session 'crackcat' started.
2021/12/22 13:15:40 Started cracking 1282 passwords at start time: 1640207740536
2021/12/22 13:15:40 Finished cracking 100% of 1282 passwords and found 1282 at end time: 1640207740645. It took 109 milliseconds
2021/12/22 13:15:50 crackcat session 'crackcat' started.
2021/12/22 13:15:51 Started cracking 1282 passwords at start time: 1640207751140
2021/12/22 13:15:51 Finished cracking 100% of 1282 passwords and found 1282 at end time: 1640207751475. It took 335 milliseconds
2021/12/22 13:20:14 crackcat session 'crackcat' started.
2021/12/22 13:20:14 Started cracking 1282 passwords at start time: 1640208014226
2021/12/22 13:20:14 Finished cracking 100% of 1282 passwords and found 1282 at end time: 1640208014356. It took 130 milliseconds
2021/12/22 13:23:34 crackcat session 'crackcat' started.
2021/12/22 13:23:34 Auto detected sha256 as the hashing algorithm
2021/12/22 13:23:34 Started cracking 1282 passwords at start time: 1640208214632
2021/12/22 13:23:34 Finished cracking 99% of 1282 passwords and found 1281 at end time: 1640208214763. It took 131 milliseconds
2021/12/22 13:33:49 crackcat session 'crackcat' started.
2021/12/22 13:33:49 Auto detected sha256 as the hashing algorithm
2021/12/22 13:33:49 Started cracking 1282 passwords at start time: 1640208829983
2021/12/22 13:33:50 Finished cracking 100% of 1282 passwords and found 1282 at end time: 1640208830144. It took 161 milliseconds
2021/12/22 13:33:50 Iterations: 442662
2021/12/22 13:44:57 crackcat session 'crackcat' started.
2021/12/22 13:44:58 Auto detected sha256 as the hashing algorithm
2021/12/22 13:44:58 Started cracking 1282 passwords at start time: 1640209498122
2021/12/22 13:44:58 Finished cracking 100% of 1282 passwords and found 1282 at end time: 1640209498431. It took 309 milliseconds
2021/12/22 13:44:58 Iterations: 789294
2021/12/22 13:59:06 crackcat session 'crackcat' started.
2021/12/22 13:59:06 Auto detected sha256 as the hashing algorithm
2021/12/22 13:59:06 Started cracking 1282 passwords at start time: 1640210346461
2021/12/22 13:59:06 Finished cracking 100% of 1282 passwords and found 1282 at end time: 1640210346595. It took 134 milliseconds
2021/12/22 13:59:06 Iterations: 398985
2021/12/22 13:59:27 crackcat session 'crackcat' started.
2021/12/22 13:59:27 Auto detected sha256 as the hashing algorithm
2021/12/22 13:59:27 Started cracking 1282 passwords at start time: 1640210367583
2021/12/22 13:59:27 Finished cracking 100% of 1282 passwords and found 1282 at end time: 1640210367713. It took 130 milliseconds
2021/12/22 13:59:27 Iterations: 359404
2021/12/22 14:00:25 crackcat session 'crackcat' started.
2021/12/22 14:00:25 Auto detected sha256 as the hashing algorithm
2021/12/22 14:00:25 Started cracking 1282 passwords at start time: 1640210425628
2021/12/22 14:00:25 Finished cracking 100% of 1282 passwords and found 1282 at end time: 1640210425794. It took 166 milliseconds
2021/12/22 14:00:25 Iterations: 522057
2021/12/22 17:31:59 crackcat session 'crackcat' started.
2021/12/22 17:31:59 Auto detected sha256 as the hashing algorithm
2021/12/22 17:31:59 Started cracking 1282 passwords at start time: 1640223119791
2021/12/22 17:32:00 Finished cracking 100% of 1282 passwords and found 1282 at end time: 1640223120074. It took 283 milliseconds
2021/12/22 17:32:00 Iterations: 939585
2021/12/22 17:33:11 crackcat session 'crackcat' started.
2021/12/22 17:33:11 Auto detected sha256 as the hashing algorithm
2021/12/22 17:33:11 Started cracking 1282 passwords at start time: 1640223191450
2021/12/22 17:33:11 Finished cracking 100% of 1282 passwords and found 1282 at end time: 1640223191566. It took 116 milliseconds
2021/12/22 17:33:11 Iterations: 364080
2021/12/22 17:33:33 crackcat session 'crackcat' started.
2021/12/22 17:33:34 Auto detected sha256 as the hashing algorithm

2021/12/22 17:33:34 Started cracking 1282 passwords at start time: 1640223214137
2021/12/22 17:33:34 Finished cracking 100% of 1282 passwords and found 1282 at end time: 1640223214256. It took 119 milliseconds
2021/12/22 17:33:34 Iterations: 364318
2021/12/22 18:15:30 crackcat session 'crackcat' started
2021/12/22 18:15:30 Auto detected sha256 as the hashing algorithm

2021/12/22 18:15:30 Started cracking 1282 passwords at start time: 1640225730458
2021/12/22 18:15:30 Finished cracking 100% of 1282 passwords and found 1282 at end time: 1640225730623. It took 165 milliseconds
2021/12/22 18:15:30 Iterations: 446004
2021/12/22 18:15:52 crackcat session 'crackcat' started
2021/12/22 18:15:52 Auto detected sha256 as the hashing algorithm

2021/12/22 18:15:52 Started cracking 1282 passwords at start time: 1640225752288
2021/12/22 18:15:52 Finished cracking 100% of 1282 passwords and found 1282 at end time: 1640225752556. It took 268 milliseconds
2021/12/22 18:15:52 Iterations: 934345
2021/12/22 18:16:01 crackcat session 'crackcat' started
2021/12/22 18:16:01 Auto detected sha256 as the hashing algorithm

2021/12/22 18:16:01 Started cracking 1282 passwords at start time: 1640225761868
2021/12/22 18:16:01 Finished cracking 100% of 1282 passwords and found 1282 at end time: 1640225761984. It took 116 milliseconds
2021/12/22 18:16:01 Iterations: 355855
2021/12/22 18:16:24 crackcat session 'crackcat' started
2021/12/22 18:16:24 Auto detected sha256 as the hashing algorithm

2021/12/22 18:16:24 Started cracking 1282 passwords at start time: 1640225784517
2021/12/22 18:16:24 Finished cracking 100% of 1282 passwords and found 1282 at end time: 1640225784629. It took 112 milliseconds
2021/12/22 18:16:24 Iterations: 337891
